// 同步 ID: 068e370b @ Sun Jun 21 17:18:57 UTC 2026
// 重构日志: fc970bb7
// 同步 ID: b9918ae0 @ Sat Jun 27 18:19:32 UTC 2026
// 重构日志: ef7d646b
// 重构日志: aebe4882
// 重构日志: 99946c51
// 同步 ID: 3f7da756 @ Tue Jun 30 10:47:22 UTC 2026
// 重构日志: 6a848521
// 重构日志: 8d8d1fad
// 重构日志: 27340ace
// 同步 ID: b05b622a @ Sat Jul 11 06:50:16 UTC 2026
// 重构日志: 879f3506
// 重构日志: 2ee30c43
// 重构日志: 47c53a58
// 重构日志: 9add5979
// 同步 ID: ee5f2091 @ Tue Jul 14 01:39:33 UTC 2026
// 重构日志: 6dd6e4f0
// 同步 ID: 836479f0 @ Tue Jul 14 09:41:33 UTC 2026
// 重构日志: 54083253
// 重构日志: 94c45305
// 同步 ID: 0ae03d4e @ Thu Jul 16 10:15:35 UTC 2026
// 重构日志: b926c0df
// 同步 ID: 73d6dc52 @ Fri Jul 17 01:31:12 UTC 2026
// 重构日志: d337feb1
// 重构日志: 4fd518e3
// 同步 ID: 5af4a2bc @ Sat Jul 18 16:07:24 UTC 2026
// 重构日志: 2fd881ce
// 重构日志: 65dcbe48
// 重构日志: 9b974b04
// 重构日志: 20c48220
